<?xml version="1.0" encoding="UTF-8"?>
<testsuites name="jest tests" tests="1" failures="0" errors="0" time="0.804">
  <testsuite name="Database Test" errors="0" failures="0" skipped="0" timestamp="2023-07-24T13:42:05" time="0.755" tests="1">
    <testcase classname="Database Test should retrieve a single row from the database" name="Database Test should retrieve a single row from the database" time="0.137">
    </testcase>
  </testsuite>
</testsuites>